2015-12-04 02:11:56 INFO  [calamari_alert] - "SQL - Connected postgresql://postgres:calamari@192.168.99.100/calamari"
2015-12-04 02:11:56 INFO  [calamari_alert] - "SQL - Synced all table ...."
2015-12-04 02:11:56 DEBUG [calamari_alert] - "PARAMS - {'debug': False, 'endpoint': 'http://10.26.1.28:80/api/'}"
2015-12-04 02:11:57 DEBUG [calamari_alert] - "GET v1/auth/login/"
2015-12-04 02:11:57 DEBUG [calamari_alert] - "POST v1/auth/login/"
2015-12-04 02:11:57 DEBUG [calamari_alert] - "LOGIN - {'message': 'Login success ...'}"
2015-12-04 02:11:57 DEBUG [calamari_alert] - "GET v1/cluster"
2015-12-04 02:11:57 DEBUG [calamari_alert] - "GET v1/cluster/a30b2995-bb90-4101-9c6b-e1646ac6d900"
2015-12-04 02:11:57 DEBUG [calamari_alert] - "GET v1/user/me/alert_rule"
2015-12-04 02:11:57 INFO  [calamari_alert] - "SQL - Query <class 'db.models.AlertRule'> with AlertRule.user_id"
2015-12-04 02:11:57 INFO  [calamari_alert] - "SQL - Add AlertRule('1','1', '2', '1', '1', '20', '20','66', '80', '15', '30', '3600', 'True') to database"
2015-12-04 02:11:57 DEBUG [calamari_alert] - "GET v1/cluster/a30b2995-bb90-4101-9c6b-e1646ac6d900/space"
2015-12-04 02:11:57 DEBUG [calamari_alert] - "GET v1/cluster/a30b2995-bb90-4101-9c6b-e1646ac6d900/health_counters"
2015-12-04 02:11:57 INFO  [calamari_alert] - "USAGE - ration: 9.48487301156"
2015-12-04 02:11:57 INFO  [calamari_alert] - "OSD - WARNING - original:0, previous:0, threshold:1"
2015-12-04 02:11:57 INFO  [calamari_alert] - "OSD - ERROR - original:0, previous:0, threshold:2"
2015-12-04 02:11:57 INFO  [calamari_alert] - "OSD - okay: 32, warn: 0, error: 0"
2015-12-04 02:11:57 INFO  [calamari_alert] - "MON - WARNING - original:0, previous:0, threshold:1"
2015-12-04 02:11:57 INFO  [calamari_alert] - "MON - ERROR - original:0, previous:0, threshold:1"
2015-12-04 02:11:57 INFO  [calamari_alert] - "MON - okay: 3, warn: 0, error: 0"
2015-12-04 02:11:57 INFO  [calamari_alert] - "PG - WARNING - original:0, previous:0, threshold:20"
2015-12-04 02:11:57 INFO  [calamari_alert] - "PG - ERROR - original:0, previous:0, threshold:20"
2015-12-04 02:11:57 INFO  [calamari_alert] - "PG - okay: 1440, warn: 0, error: 0"
2015-12-04 02:12:07 DEBUG [calamari_alert] - "GET v1/user/me/alert_rule"
2015-12-04 02:12:07 INFO  [calamari_alert] - "SQL - Query <class 'db.models.AlertRule'> with AlertRule.user_id"
2015-12-04 02:12:07 INFO  [calamari_alert] - "SQL - Add AlertRule('1','1', '2', '1', '1', '20', '20','66', '80', '15', '30', '3600', 'True') to database"
2015-12-04 02:12:07 DEBUG [calamari_alert] - "GET v1/cluster/a30b2995-bb90-4101-9c6b-e1646ac6d900/space"
2015-12-04 02:12:08 DEBUG [calamari_alert] - "GET v1/cluster/a30b2995-bb90-4101-9c6b-e1646ac6d900/health_counters"
2015-12-04 02:12:08 INFO  [calamari_alert] - "USAGE - ration: 9.48487301156"
2015-12-04 02:12:08 INFO  [calamari_alert] - "OSD - WARNING - original:0, previous:0, threshold:1"
2015-12-04 02:12:08 INFO  [calamari_alert] - "OSD - ERROR - original:0, previous:0, threshold:2"
2015-12-04 02:12:08 INFO  [calamari_alert] - "OSD - okay: 32, warn: 0, error: 0"
2015-12-04 02:12:08 INFO  [calamari_alert] - "MON - WARNING - original:0, previous:0, threshold:1"
2015-12-04 02:12:08 INFO  [calamari_alert] - "MON - ERROR - original:0, previous:0, threshold:1"
2015-12-04 02:12:08 INFO  [calamari_alert] - "MON - okay: 3, warn: 0, error: 0"
2015-12-04 02:12:08 INFO  [calamari_alert] - "PG - WARNING - original:0, previous:0, threshold:20"
2015-12-04 02:12:08 INFO  [calamari_alert] - "PG - ERROR - original:0, previous:0, threshold:20"
2015-12-04 02:12:08 INFO  [calamari_alert] - "PG - okay: 1440, warn: 0, error: 0"
